\BOOKMARK [1][-]{section.1}{Introduction}{}% 1
\BOOKMARK [1][-]{section.2}{High Level Descriptions}{}% 2
\BOOKMARK [1][-]{section.3}{Controller Descriptions}{}% 3
\BOOKMARK [2][-]{subsection.3.1}{NES Controller}{section.3}% 4
\BOOKMARK [1][-]{section.4}{HDL Components}{}% 5
\BOOKMARK [2][-]{subsection.4.1}{Top Module}{section.4}% 6
\BOOKMARK [2][-]{subsection.4.2}{VGA Output}{section.4}% 7
\BOOKMARK [3][-]{subsubsection.4.2.1}{VGA hCounterComp}{subsection.4.2}% 8
\BOOKMARK [3][-]{subsubsection.4.2.2}{VGA vCounterComp}{subsection.4.2}% 9
\BOOKMARK [3][-]{subsubsection.4.2.3}{VGA counter}{subsection.4.2}% 10
\BOOKMARK [3][-]{subsubsection.4.2.4}{VGA displayMux}{subsection.4.2}% 11
\BOOKMARK [3][-]{subsubsection.4.2.5}{VGA comparator}{subsection.4.2}% 12
\BOOKMARK [3][-]{subsubsection.4.2.6}{VGA synchronizer}{subsection.4.2}% 13
\BOOKMARK [3][-]{subsubsection.4.2.7}{clockDivBy2}{subsection.4.2}% 14
\BOOKMARK [1][-]{section.5}{Appendix}{}% 15
\BOOKMARK [2][-]{subsection.5.1}{Source Code}{section.5}% 16
\BOOKMARK [3][-]{subsubsection.5.1.1}{NES Controller Reader}{subsection.5.1}% 17
\BOOKMARK [3][-]{subsubsection.5.1.2}{Square Wave Generator}{subsection.5.1}% 18
\BOOKMARK [3][-]{subsubsection.5.1.3}{VGA Output}{subsection.5.1}% 19
\BOOKMARK [3][-]{subsubsection.5.1.4}{VGA hCounterComp}{subsection.5.1}% 20
\BOOKMARK [3][-]{subsubsection.5.1.5}{VGA vCounterComp}{subsection.5.1}% 21
\BOOKMARK [3][-]{subsubsection.5.1.6}{VGA counter}{subsection.5.1}% 22
\BOOKMARK [3][-]{subsubsection.5.1.7}{VGA displayMux}{subsection.5.1}% 23
\BOOKMARK [3][-]{subsubsection.5.1.8}{VGA comparator}{subsection.5.1}% 24
\BOOKMARK [3][-]{subsubsection.5.1.9}{VGA synchronizer}{subsection.5.1}% 25
\BOOKMARK [3][-]{subsubsection.5.1.10}{clockDivBy2}{subsection.5.1}% 26
\BOOKMARK [2][-]{subsection.5.2}{Simulation Results}{section.5}% 27
\BOOKMARK [3][-]{subsubsection.5.2.1}{NES Controller Reader}{subsection.5.2}% 28
\BOOKMARK [3][-]{subsubsection.5.2.2}{Square Wave Generator}{subsection.5.2}% 29
